Сборка начата 30.11.2021 11:38:30.
Уровень детализации журнала: Normal.     1>Проект "D:\study\3course\OS\EightsLab\OS08_04_01\OS08_04_01\OS08_04_01.vcxproj" в узле 2 (целевые объекты Build).
     1>InitializeBuildStatus:
         Создание "Debug\OS08_04_01.tlog\unsuccessfulbuild", так как было задано "AlwaysCreate".
       ClCompile:
         C:\Program Files (x86)\Microsoft Visual Studio\2019\Enterprise\VC\Tools\MSVC\14.28.29333\bin\HostX86\x86\CL.exe /c /ZI /JMC /nologo /W3 /WX- /diagnostics:column /sdl /Od /Oy- /D WIN32 /D _DEBUG /D _CONSOLE /D _UNICODE /D UNICODE /Gm- /EHsc /RTC1 /MDd /GS /fp:precise /permissive- /Zc:wchar_t /Zc:forScope /Zc:inline /Fo"Debug\\" /Fd"Debug\vc142.pdb" /Gd /TP /analyze- /FC /errorReport:prompt OS08_04_01.cpp
         OS08_04_01.cpp
     1>D:\study\3course\OS\EightsLab\OS08_04_01\OS08_04_01\OS08_04_01.cpp(41,14): warning C4244: аргумент: преобразование "__int64" в "int", возможна потеря данных
       Link:
         C:\Program Files (x86)\Microsoft Visual Studio\2019\Enterprise\VC\Tools\MSVC\14.28.29333\bin\HostX86\x86\link.exe /ERRORREPORT:PROMPT /OUT:"D:\study\3course\OS\EightsLab\OS08_04_01\Debug\OS08_04_01.exe" /INCREMENTAL /NOLOGO kernel32.lib user32.lib gdi32.lib winspool.lib comdlg32.lib advapi32.lib shell32.lib ole32.lib oleaut32.lib uuid.lib odbc32.lib odbccp32.lib /MANIFEST /MANIFESTUAC:"level='asInvoker' uiAccess='false'" /manifest:embed /DEBUG:FASTLINK /PDB:"D:\study\3course\OS\EightsLab\OS08_04_01\Debug\OS08_04_01.pdb" /SUBSYSTEM:CONSOLE /TLBID:1 /DYNAMICBASE /NXCOMPAT /IMPLIB:"D:\study\3course\OS\EightsLab\OS08_04_01\Debug\OS08_04_01.lib" /MACHINE:X86 Debug\OS08_04_01.obj
         OS08_04_01.vcxproj -> D:\study\3course\OS\EightsLab\OS08_04_01\Debug\OS08_04_01.exe
       FinalizeBuildStatus:
         Файл "Debug\OS08_04_01.tlog\unsuccessfulbuild" удаляется.
         Обращение к "Debug\OS08_04_01.tlog\OS08_04_01.lastbuildstate".
     1>Сборка проекта "D:\study\3course\OS\EightsLab\OS08_04_01\OS08_04_01\OS08_04_01.vcxproj" завершена (целевые объекты Build).

Сборка успешно завершена.

       "D:\study\3course\OS\EightsLab\OS08_04_01\OS08_04_01\OS08_04_01.vcxproj" (целевой объект Build ) (1) ->
       (Целевой объект ClCompile) -> 
         D:\study\3course\OS\EightsLab\OS08_04_01\OS08_04_01\OS08_04_01.cpp(41,14): warning C4244: аргумент: преобразование "__int64" в "int", возможна потеря данных

    Предупреждений: 1
    Ошибок: 0

Прошло времени 00:00:02.74
